{
  "stats": {
    "suites": 6,
    "tests": 24,
    "passes": 24,
    "pending": 0,
    "failures": 0,
    "start": "2021-06-23T14:00:58.652Z",
    "end": "2021-06-23T14:09:38.004Z",
    "duration": 163486,
    "testsRegistered": 24,
    "passPercent": 100,
    "pendingPercent": 0,
    "other": 0,
    "hasOther": false,
    "skipped": 0,
    "hasSkipped": false
  },
  "results": [
    {
      "uuid": "36719d42-6dea-4404-87bb-c03921565777",
      "title": "",
      "fullFile": "cypress/integration/examples/FullyAutomated.js",
      "file": "cypress/integration/examples/FullyAutomated.js",
      "beforeHooks": [],
      "afterHooks": [],
      "tests": [],
      "suites": [
        {
          "uuid": "a9b0c861-8c6f-4d81-8185-d567fb799ec9",
          "title": "Fully automated end to end testing suite",
          "fullFile": "",
          "file": "",
          "beforeHooks": [],
          "afterHooks": [],
          "tests": [
            {
              "title": "verify correct request and response",
              "fullTitle": "Fully automated end to end testing suite verify correct request and response",
              "timedOut": null,
              "duration": 4715,
              "state": "passed",
              "speed": "slow",
              "pass": true,
              "fail": false,
              "pending": false,
              "context": null,
              "code": "cy.log('After Login Successful');\ncy.intercept('POST', Cypress.env('apiUrl') + 'articles/').as(\"postArticle\");\ncy.contains('New Article').click();\ncy.get('[formcontrolname=\"title\"]').type('hello');\ncy.get('[formcontrolname=\"description\"]').type('hello');\ncy.get('[formcontrolname=\"body\"]').type('hello');\ncy.contains('Publish Article').click();\ncy.wait('@postArticle');\ncy.get('@postArticle').then(function (xhr) {\n  expect(xhr.response.statusCode).to.equal(200);\n  expect(xhr.request.body.article.title).to.equal('hello');\n  expect(xhr.request.body.article.body).to.equal('hello');\n  expect(xhr.request.body.article.description).to.equal('hello');\n});",
              "err": {},
              "uuid": "1b462f35-644a-48fd-9c4d-b5ea7ac07e22",
              "parentUUID": "a9b0c861-8c6f-4d81-8185-d567fb799ec9",
              "isHook": false,
              "skipped": false
            },
            {
              "title": "should show the tags as mentioned in the tags object",
              "fullTitle": "Fully automated end to end testing suite should show the tags as mentioned in the tags object",
              "timedOut": null,
              "duration": 1910,
              "state": "passed",
              "speed": "slow",
              "pass": true,
              "fail": false,
              "pending": false,
              "context": null,
              "code": "cy.intercept(\"GET\", Cypress.env('apiUrl') + \"tags\", {\n  fixture: 'tags.json'\n}).as(\"dataGetFirst\");\ncy.get('.tag-list').should('contain', 'HuManIty').and('contain', 'Gandhi').and('contain', 'HITLER').and('contain', 'SIDA');",
              "err": {},
              "uuid": "670d378c-bfa9-4c4e-a0e0-a14b71705837",
              "parentUUID": "a9b0c861-8c6f-4d81-8185-d567fb799ec9",
              "isHook": false,
              "skipped": false
            },
            {
              "title": "verify the gobal feed articles like count",
              "fullTitle": "Fully automated end to end testing suite verify the gobal feed articles like count",
              "timedOut": null,
              "duration": 3998,
              "state": "passed",
              "speed": "slow",
              "pass": true,
              "fail": false,
              "pending": false,
              "context": null,
              "code": "cy.intercept(\"GET\", Cypress.env('apiUrl') + \"articles/feed?limit=10&offset=0\", {\n  fixture: 'feed.json'\n}).as(\"feedArticles\");\ncy.intercept(\"GET\", Cypress.env('apiUrl') + \"articles?limit=10&offset=0\", {\n  fixture: 'articles.json'\n}).as(\"globalArticles\");\ncy.contains(/Global Feed/i).click();\ncy.get('app-article-list button').then(function (listOfButtons) {\n  cy.log(listOfButtons);\n  expect(listOfButtons[0]).to.contain('5');\n  expect(listOfButtons[1]).to.contain('10');\n});\ncy.fixture('articles').then(function (data) {\n  var link = data.articles[1].slug;\n  cy.intercept('POST', Cypress.env('apiUrl') + \"articles/\".concat(link, \"/favorite\"), data);\n});\ncy.get('app-article-list button').eq(0).click().should('contain', '6');\ncy.get('app-article-list button').eq(1).click().should('contain', '11');",
              "err": {},
              "uuid": "f75ea43d-6034-4f26-9ff3-64115fb45600",
              "parentUUID": "a9b0c861-8c6f-4d81-8185-d567fb799ec9",
              "isHook": false,
              "skipped": false
            },
            {
              "title": "delete the newly created articles",
              "fullTitle": "Fully automated end to end testing suite delete the newly created articles",
              "timedOut": null,
              "duration": 6104,
              "state": "passed",
              "speed": "slow",
              "pass": true,
              "fail": false,
              "pending": false,
              "context": null,
              "code": "var requestBody = {\n  \"article\": {\n    \"tagList\": [],\n    \"title\": \"Testing the api\",\n    \"description\": \"Testing the api\",\n    \"body\": \"Testing the api\"\n  }\n};\ncy.get('@token').then(function (token) {\n  cy.request({\n    url: Cypress.env('apiUrl') + 'articles/',\n    headers: {\n      'Authorization': 'Token ' + token\n    },\n    method: 'POST',\n    body: requestBody\n  }).then(function (res) {\n    expect(res.status).to.equal(200);\n  }); //delete the global feed latest post which is created\n  cy.contains(/Global Feed/i).click();\n  cy.get('.article-preview').first().click();\n  cy.get('.article-actions').contains('Delete Article').click(); //verify whether the title is actually delete from the API or Not\n  cy.request({\n    url: Cypress.env('apiUrl') + 'articles?limit=10&offset=0',\n    headers: {\n      'Authorization': 'Token ' + token\n    },\n    method: 'GET'\n  }).its('body').then(function (body) {\n    expect(body.articles[0].title).not.to.equal('Testing the api');\n  });\n  cy.contains(/Global Feed/i).click();\n});",
              "err": {},
              "uuid": "3b4e1ff4-ea42-4d6c-8394-b9b9ae3abfb7",
              "parentUUID": "a9b0c861-8c6f-4d81-8185-d567fb799ec9",
              "isHook": false,
              "skipped": false
            }
          ],
          "suites": [],
          "passes": [
            "1b462f35-644a-48fd-9c4d-b5ea7ac07e22",
            "670d378c-bfa9-4c4e-a0e0-a14b71705837",
            "f75ea43d-6034-4f26-9ff3-64115fb45600",
            "3b4e1ff4-ea42-4d6c-8394-b9b9ae3abfb7"
          ],
          "failures": [],
          "pending": [],
          "skipped": [],
          "duration": 16727,
          "root": false,
          "rootEmpty": false,
          "_timeout": 2000
        }
      ],
      "passes": [],
      "failures": [],
      "pending": [],
      "skipped": [],
      "duration": 0,
      "root": true,
      "rootEmpty": true,
      "_timeout": 2000
    },
    {
      "uuid": "91369fc0-0250-4ed7-aa84-c69cd84bcb50",
      "title": "",
      "fullFile": "cypress/integration/examples/BDD/blog.feature",
      "file": "cypress/integration/examples/BDD/blog.feature",
      "beforeHooks": [],
      "afterHooks": [],
      "tests": [],
      "suites": [
        {
          "uuid": "4fb74891-11aa-4954-ad11-7c15346ac21d",
          "title": "End to end Blog Site validation",
          "fullFile": "",
          "file": "",
          "beforeHooks": [],
          "afterHooks": [],
          "tests": [
            {
              "title": "Create a new article",
              "fullTitle": "End to end Blog Site validation Create a new article",
              "timedOut": null,
              "duration": 8983,
              "state": "passed",
              "speed": "slow",
              "pass": true,
              "fail": false,
              "pending": false,
              "context": null,
              "code": "const state = window.testState;\nreturn cy\n  .then(() => state.onStartScenario(scenario, indexedSteps))\n  .then(() =>\n    resolveAndRunBeforeHooks.call(this, scenario.tags, state.feature.name)\n  )\n  .then(() =>\n    indexedSteps.forEach((step) =>\n      stepTest.call(this, state, step, rowData)\n    )\n  )\n  .then(() => state.onFinishScenario(scenario));",
              "err": {},
              "uuid": "a77cea61-9eb5-4365-bc60-5c0cf3561117",
              "parentUUID": "4fb74891-11aa-4954-ad11-7c15346ac21d",
              "isHook": false,
              "skipped": false
            },
            {
              "title": "Check the tags on the home page",
              "fullTitle": "End to end Blog Site validation Check the tags on the home page",
              "timedOut": null,
              "duration": 3399,
              "state": "passed",
              "speed": "slow",
              "pass": true,
              "fail": false,
              "pending": false,
              "context": null,
              "code": "const state = window.testState;\nreturn cy\n  .then(() => state.onStartScenario(scenario, indexedSteps))\n  .then(() =>\n    resolveAndRunBeforeHooks.call(this, scenario.tags, state.feature.name)\n  )\n  .then(() =>\n    indexedSteps.forEach((step) =>\n      stepTest.call(this, state, step, rowData)\n    )\n  )\n  .then(() => state.onFinishScenario(scenario));",
              "err": {},
              "uuid": "0a156c26-655a-4ae2-8308-eb7e883f881e",
              "parentUUID": "4fb74891-11aa-4954-ad11-7c15346ac21d",
              "isHook": false,
              "skipped": false
            },
            {
              "title": "Verify the global feed article likes count",
              "fullTitle": "End to end Blog Site validation Verify the global feed article likes count",
              "timedOut": null,
              "duration": 5664,
              "state": "passed",
              "speed": "slow",
              "pass": true,
              "fail": false,
              "pending": false,
              "context": null,
              "code": "const state = window.testState;\nreturn cy\n  .then(() => state.onStartScenario(scenario, indexedSteps))\n  .then(() =>\n    resolveAndRunBeforeHooks.call(this, scenario.tags, state.feature.name)\n  )\n  .then(() =>\n    indexedSteps.forEach((step) =>\n      stepTest.call(this, state, step, rowData)\n    )\n  )\n  .then(() => state.onFinishScenario(scenario));",
              "err": {},
              "uuid": "402709d3-2f48-4967-8325-24d802815841",
              "parentUUID": "4fb74891-11aa-4954-ad11-7c15346ac21d",
              "isHook": false,
              "skipped": false
            },
            {
              "title": "Delete the newly created article",
              "fullTitle": "End to end Blog Site validation Delete the newly created article",
              "timedOut": null,
              "duration": 5765,
              "state": "passed",
              "speed": "slow",
              "pass": true,
              "fail": false,
              "pending": false,
              "context": null,
              "code": "const state = window.testState;\nreturn cy\n  .then(() => state.onStartScenario(scenario, indexedSteps))\n  .then(() =>\n    resolveAndRunBeforeHooks.call(this, scenario.tags, state.feature.name)\n  )\n  .then(() =>\n    indexedSteps.forEach((step) =>\n      stepTest.call(this, state, step, rowData)\n    )\n  )\n  .then(() => state.onFinishScenario(scenario));",
              "err": {},
              "uuid": "f9497ca2-a335-40c1-b389-25d2c146e963",
              "parentUUID": "4fb74891-11aa-4954-ad11-7c15346ac21d",
              "isHook": false,
              "skipped": false
            }
          ],
          "suites": [],
          "passes": [
            "a77cea61-9eb5-4365-bc60-5c0cf3561117",
            "0a156c26-655a-4ae2-8308-eb7e883f881e",
            "402709d3-2f48-4967-8325-24d802815841",
            "f9497ca2-a335-40c1-b389-25d2c146e963"
          ],
          "failures": [],
          "pending": [],
          "skipped": [],
          "duration": 23811,
          "root": false,
          "rootEmpty": false,
          "_timeout": 2000
        }
      ],
      "passes": [],
      "failures": [],
      "pending": [],
      "skipped": [],
      "duration": 0,
      "root": true,
      "rootEmpty": true,
      "_timeout": 2000
    },
    {
      "uuid": "b53dfd9d-9185-4629-81a5-22e8cdab8a25",
      "title": "",
      "fullFile": "cypress/integration/examples/FullyAutomated.js",
      "file": "cypress/integration/examples/FullyAutomated.js",
      "beforeHooks": [],
      "afterHooks": [],
      "tests": [],
      "suites": [
        {
          "uuid": "0e6a3b07-938b-4dbc-b539-4627d1c8ab58",
          "title": "Fully automated end to end testing suite",
          "fullFile": "",
          "file": "",
          "beforeHooks": [],
          "afterHooks": [],
          "tests": [
            {
              "title": "verify correct request and response",
              "fullTitle": "Fully automated end to end testing suite verify correct request and response",
              "timedOut": null,
              "duration": 13015,
              "state": "passed",
              "speed": "slow",
              "pass": true,
              "fail": false,
              "pending": false,
              "context": null,
              "code": "cy.log('After Login Successful');\ncy.intercept('POST', Cypress.env('apiUrl') + 'articles/').as(\"postArticle\");\ncy.contains('New Article').click();\ncy.get('[formcontrolname=\"title\"]').type('hello');\ncy.get('[formcontrolname=\"description\"]').type('hello');\ncy.get('[formcontrolname=\"body\"]').type('hello');\ncy.contains('Publish Article').click();\ncy.wait('@postArticle');\ncy.get('@postArticle').then(function (xhr) {\n  expect(xhr.response.statusCode).to.equal(200);\n  expect(xhr.request.body.article.title).to.equal('hello');\n  expect(xhr.request.body.article.body).to.equal('hello');\n  expect(xhr.request.body.article.description).to.equal('hello');\n});",
              "err": {},
              "uuid": "edd9402b-3199-47ac-8f89-8cb81ea7d27d",
              "parentUUID": "0e6a3b07-938b-4dbc-b539-4627d1c8ab58",
              "isHook": false,
              "skipped": false
            },
            {
              "title": "should show the tags as mentioned in the tags object",
              "fullTitle": "Fully automated end to end testing suite should show the tags as mentioned in the tags object",
              "timedOut": null,
              "duration": 5759,
              "state": "passed",
              "speed": "slow",
              "pass": true,
              "fail": false,
              "pending": false,
              "context": null,
              "code": "cy.intercept(\"GET\", Cypress.env('apiUrl') + \"tags\", {\n  fixture: 'tags.json'\n}).as(\"dataGetFirst\");\ncy.get('.tag-list').should('contain', 'HuManIty').and('contain', 'Gandhi').and('contain', 'HITLER').and('contain', 'SIDA');",
              "err": {},
              "uuid": "04681427-40d4-467a-89f1-65b8da5c66f3",
              "parentUUID": "0e6a3b07-938b-4dbc-b539-4627d1c8ab58",
              "isHook": false,
              "skipped": false
            },
            {
              "title": "verify the gobal feed articles like count",
              "fullTitle": "Fully automated end to end testing suite verify the gobal feed articles like count",
              "timedOut": null,
              "duration": 9191,
              "state": "passed",
              "speed": "slow",
              "pass": true,
              "fail": false,
              "pending": false,
              "context": null,
              "code": "cy.intercept(\"GET\", Cypress.env('apiUrl') + \"articles/feed?limit=10&offset=0\", {\n  fixture: 'feed.json'\n}).as(\"feedArticles\");\ncy.intercept(\"GET\", Cypress.env('apiUrl') + \"articles?limit=10&offset=0\", {\n  fixture: 'articles.json'\n}).as(\"globalArticles\");\ncy.contains(/Global Feed/i).click();\ncy.get('app-article-list button').then(function (listOfButtons) {\n  cy.log(listOfButtons);\n  expect(listOfButtons[0]).to.contain('5');\n  expect(listOfButtons[1]).to.contain('10');\n});\ncy.fixture('articles').then(function (data) {\n  var link = data.articles[1].slug;\n  cy.intercept('POST', Cypress.env('apiUrl') + \"articles/\".concat(link, \"/favorite\"), data);\n});\ncy.get('app-article-list button').eq(0).click().should('contain', '6');\ncy.get('app-article-list button').eq(1).click().should('contain', '11');",
              "err": {},
              "uuid": "12035057-a090-43bb-ae1d-c6303895a049",
              "parentUUID": "0e6a3b07-938b-4dbc-b539-4627d1c8ab58",
              "isHook": false,
              "skipped": false
            },
            {
              "title": "delete the newly created articles",
              "fullTitle": "Fully automated end to end testing suite delete the newly created articles",
              "timedOut": null,
              "duration": 15280,
              "state": "passed",
              "speed": "slow",
              "pass": true,
              "fail": false,
              "pending": false,
              "context": null,
              "code": "var requestBody = {\n  \"article\": {\n    \"tagList\": [],\n    \"title\": \"Testing the api\",\n    \"description\": \"Testing the api\",\n    \"body\": \"Testing the api\"\n  }\n};\ncy.get('@token').then(function (token) {\n  cy.request({\n    url: Cypress.env('apiUrl') + 'articles/',\n    headers: {\n      'Authorization': 'Token ' + token\n    },\n    method: 'POST',\n    body: requestBody\n  }).then(function (res) {\n    expect(res.status).to.equal(200);\n  }); //delete the global feed latest post which is created\n  cy.contains(/Global Feed/i).click();\n  cy.get('.article-preview').first().click();\n  cy.get('.article-actions').contains('Delete Article').click(); //verify whether the title is actually delete from the API or Not\n  cy.request({\n    url: Cypress.env('apiUrl') + 'articles?limit=10&offset=0',\n    headers: {\n      'Authorization': 'Token ' + token\n    },\n    method: 'GET'\n  }).its('body').then(function (body) {\n    expect(body.articles[0].title).not.to.equal('Testing the api');\n  });\n  cy.contains(/Global Feed/i).click();\n});",
              "err": {},
              "uuid": "46742b33-f174-4965-853a-c3eb4da2f2e9",
              "parentUUID": "0e6a3b07-938b-4dbc-b539-4627d1c8ab58",
              "isHook": false,
              "skipped": false
            }
          ],
          "suites": [],
          "passes": [
            "edd9402b-3199-47ac-8f89-8cb81ea7d27d",
            "04681427-40d4-467a-89f1-65b8da5c66f3",
            "12035057-a090-43bb-ae1d-c6303895a049",
            "46742b33-f174-4965-853a-c3eb4da2f2e9"
          ],
          "failures": [],
          "pending": [],
          "skipped": [],
          "duration": 43245,
          "root": false,
          "rootEmpty": false,
          "_timeout": 2000
        }
      ],
      "passes": [],
      "failures": [],
      "pending": [],
      "skipped": [],
      "duration": 0,
      "root": true,
      "rootEmpty": true,
      "_timeout": 2000
    },
    {
      "uuid": "56f57fee-cd68-4c91-974e-990b80d4eae3",
      "title": "",
      "fullFile": "cypress/integration/examples/BDD/blog.feature",
      "file": "cypress/integration/examples/BDD/blog.feature",
      "beforeHooks": [],
      "afterHooks": [],
      "tests": [],
      "suites": [
        {
          "uuid": "db4e4f7c-4a2a-479c-a436-cff8038ca8be",
          "title": "End to end Blog Site validation",
          "fullFile": "",
          "file": "",
          "beforeHooks": [],
          "afterHooks": [],
          "tests": [
            {
              "title": "Create a new article",
              "fullTitle": "End to end Blog Site validation Create a new article",
              "timedOut": null,
              "duration": 11650,
              "state": "passed",
              "speed": "slow",
              "pass": true,
              "fail": false,
              "pending": false,
              "context": null,
              "code": "const state = window.testState;\nreturn cy\n  .then(() => state.onStartScenario(scenario, indexedSteps))\n  .then(() =>\n    resolveAndRunBeforeHooks.call(this, scenario.tags, state.feature.name)\n  )\n  .then(() =>\n    indexedSteps.forEach((step) =>\n      stepTest.call(this, state, step, rowData)\n    )\n  )\n  .then(() => state.onFinishScenario(scenario));",
              "err": {},
              "uuid": "081e06d1-582c-4ebc-9225-55aa78ae1ef9",
              "parentUUID": "db4e4f7c-4a2a-479c-a436-cff8038ca8be",
              "isHook": false,
              "skipped": false
            },
            {
              "title": "Check the tags on the home page",
              "fullTitle": "End to end Blog Site validation Check the tags on the home page",
              "timedOut": null,
              "duration": 5012,
              "state": "passed",
              "speed": "slow",
              "pass": true,
              "fail": false,
              "pending": false,
              "context": null,
              "code": "const state = window.testState;\nreturn cy\n  .then(() => state.onStartScenario(scenario, indexedSteps))\n  .then(() =>\n    resolveAndRunBeforeHooks.call(this, scenario.tags, state.feature.name)\n  )\n  .then(() =>\n    indexedSteps.forEach((step) =>\n      stepTest.call(this, state, step, rowData)\n    )\n  )\n  .then(() => state.onFinishScenario(scenario));",
              "err": {},
              "uuid": "c023b7f0-a3c2-47b1-a1de-f1deebc3d396",
              "parentUUID": "db4e4f7c-4a2a-479c-a436-cff8038ca8be",
              "isHook": false,
              "skipped": false
            },
            {
              "title": "Verify the global feed article likes count",
              "fullTitle": "End to end Blog Site validation Verify the global feed article likes count",
              "timedOut": null,
              "duration": 9500,
              "state": "passed",
              "speed": "slow",
              "pass": true,
              "fail": false,
              "pending": false,
              "context": null,
              "code": "const state = window.testState;\nreturn cy\n  .then(() => state.onStartScenario(scenario, indexedSteps))\n  .then(() =>\n    resolveAndRunBeforeHooks.call(this, scenario.tags, state.feature.name)\n  )\n  .then(() =>\n    indexedSteps.forEach((step) =>\n      stepTest.call(this, state, step, rowData)\n    )\n  )\n  .then(() => state.onFinishScenario(scenario));",
              "err": {},
              "uuid": "027f61db-92b0-4724-a133-2a1481fca84b",
              "parentUUID": "db4e4f7c-4a2a-479c-a436-cff8038ca8be",
              "isHook": false,
              "skipped": false
            },
            {
              "title": "Delete the newly created article",
              "fullTitle": "End to end Blog Site validation Delete the newly created article",
              "timedOut": null,
              "duration": 9484,
              "state": "passed",
              "speed": "slow",
              "pass": true,
              "fail": false,
              "pending": false,
              "context": null,
              "code": "const state = window.testState;\nreturn cy\n  .then(() => state.onStartScenario(scenario, indexedSteps))\n  .then(() =>\n    resolveAndRunBeforeHooks.call(this, scenario.tags, state.feature.name)\n  )\n  .then(() =>\n    indexedSteps.forEach((step) =>\n      stepTest.call(this, state, step, rowData)\n    )\n  )\n  .then(() => state.onFinishScenario(scenario));",
              "err": {},
              "uuid": "2a45bc0f-40f0-4f4b-bb37-94f45613cb00",
              "parentUUID": "db4e4f7c-4a2a-479c-a436-cff8038ca8be",
              "isHook": false,
              "skipped": false
            }
          ],
          "suites": [],
          "passes": [
            "081e06d1-582c-4ebc-9225-55aa78ae1ef9",
            "c023b7f0-a3c2-47b1-a1de-f1deebc3d396",
            "027f61db-92b0-4724-a133-2a1481fca84b",
            "2a45bc0f-40f0-4f4b-bb37-94f45613cb00"
          ],
          "failures": [],
          "pending": [],
          "skipped": [],
          "duration": 35646,
          "root": false,
          "rootEmpty": false,
          "_timeout": 2000
        }
      ],
      "passes": [],
      "failures": [],
      "pending": [],
      "skipped": [],
      "duration": 0,
      "root": true,
      "rootEmpty": true,
      "_timeout": 2000
    },
    {
      "uuid": "84516695-264e-45ef-908f-f1008f60a100",
      "title": "",
      "fullFile": "cypress/integration/examples/FullyAutomated.js",
      "file": "cypress/integration/examples/FullyAutomated.js",
      "beforeHooks": [],
      "afterHooks": [],
      "tests": [],
      "suites": [
        {
          "uuid": "0327c683-fa63-43c7-bfa4-5ca00222b227",
          "title": "Fully automated end to end testing suite",
          "fullFile": "",
          "file": "",
          "beforeHooks": [],
          "afterHooks": [],
          "tests": [
            {
              "title": "verify correct request and response",
              "fullTitle": "Fully automated end to end testing suite verify correct request and response",
              "timedOut": null,
              "duration": 9717,
              "state": "passed",
              "speed": "slow",
              "pass": true,
              "fail": false,
              "pending": false,
              "context": null,
              "code": "cy.log('After Login Successful');\ncy.intercept('POST', Cypress.env('apiUrl') + 'articles/').as(\"postArticle\");\ncy.contains('New Article').click();\ncy.get('[formcontrolname=\"title\"]').type('hello');\ncy.get('[formcontrolname=\"description\"]').type('hello');\ncy.get('[formcontrolname=\"body\"]').type('hello');\ncy.contains('Publish Article').click();\ncy.wait('@postArticle');\ncy.get('@postArticle').then(function (xhr) {\n  expect(xhr.response.statusCode).to.equal(200);\n  expect(xhr.request.body.article.title).to.equal('hello');\n  expect(xhr.request.body.article.body).to.equal('hello');\n  expect(xhr.request.body.article.description).to.equal('hello');\n});",
              "err": {},
              "uuid": "6a2a580b-072c-4f2c-ad31-24e1dc4bb352",
              "parentUUID": "0327c683-fa63-43c7-bfa4-5ca00222b227",
              "isHook": false,
              "skipped": false
            },
            {
              "title": "should show the tags as mentioned in the tags object",
              "fullTitle": "Fully automated end to end testing suite should show the tags as mentioned in the tags object",
              "timedOut": null,
              "duration": 1862,
              "state": "passed",
              "speed": "slow",
              "pass": true,
              "fail": false,
              "pending": false,
              "context": null,
              "code": "cy.intercept(\"GET\", Cypress.env('apiUrl') + \"tags\", {\n  fixture: 'tags.json'\n}).as(\"dataGetFirst\");\ncy.get('.tag-list').should('contain', 'HuManIty').and('contain', 'Gandhi').and('contain', 'HITLER').and('contain', 'SIDA');",
              "err": {},
              "uuid": "d50b131a-784f-42b3-a6af-64d19806983e",
              "parentUUID": "0327c683-fa63-43c7-bfa4-5ca00222b227",
              "isHook": false,
              "skipped": false
            },
            {
              "title": "verify the gobal feed articles like count",
              "fullTitle": "Fully automated end to end testing suite verify the gobal feed articles like count",
              "timedOut": null,
              "duration": 3021,
              "state": "passed",
              "speed": "slow",
              "pass": true,
              "fail": false,
              "pending": false,
              "context": null,
              "code": "cy.intercept(\"GET\", Cypress.env('apiUrl') + \"articles/feed?limit=10&offset=0\", {\n  fixture: 'feed.json'\n}).as(\"feedArticles\");\ncy.intercept(\"GET\", Cypress.env('apiUrl') + \"articles?limit=10&offset=0\", {\n  fixture: 'articles.json'\n}).as(\"globalArticles\");\ncy.contains(/Global Feed/i).click();\ncy.get('app-article-list button').then(function (listOfButtons) {\n  cy.log(listOfButtons);\n  expect(listOfButtons[0]).to.contain('5');\n  expect(listOfButtons[1]).to.contain('10');\n});\ncy.fixture('articles').then(function (data) {\n  var link = data.articles[1].slug;\n  cy.intercept('POST', Cypress.env('apiUrl') + \"articles/\".concat(link, \"/favorite\"), data);\n});\ncy.get('app-article-list button').eq(0).click().should('contain', '6');\ncy.get('app-article-list button').eq(1).click().should('contain', '11');",
              "err": {},
              "uuid": "6cd7504f-54bb-4102-a81f-6333967913fd",
              "parentUUID": "0327c683-fa63-43c7-bfa4-5ca00222b227",
              "isHook": false,
              "skipped": false
            },
            {
              "title": "delete the newly created articles",
              "fullTitle": "Fully automated end to end testing suite delete the newly created articles",
              "timedOut": null,
              "duration": 6702,
              "state": "passed",
              "speed": "slow",
              "pass": true,
              "fail": false,
              "pending": false,
              "context": null,
              "code": "var requestBody = {\n  \"article\": {\n    \"tagList\": [],\n    \"title\": \"Testing the api\",\n    \"description\": \"Testing the api\",\n    \"body\": \"Testing the api\"\n  }\n};\ncy.get('@token').then(function (token) {\n  cy.request({\n    url: Cypress.env('apiUrl') + 'articles/',\n    headers: {\n      'Authorization': 'Token ' + token\n    },\n    method: 'POST',\n    body: requestBody\n  }).then(function (res) {\n    expect(res.status).to.equal(200);\n  }); //delete the global feed latest post which is created\n  cy.contains(/Global Feed/i).click();\n  cy.get('.article-preview').first().click();\n  cy.get('.article-actions').contains('Delete Article').click(); //verify whether the title is actually delete from the API or Not\n  cy.request({\n    url: Cypress.env('apiUrl') + 'articles?limit=10&offset=0',\n    headers: {\n      'Authorization': 'Token ' + token\n    },\n    method: 'GET'\n  }).its('body').then(function (body) {\n    expect(body.articles[0].title).not.to.equal('Testing the api');\n  });\n  cy.contains(/Global Feed/i).click();\n});",
              "err": {},
              "uuid": "9a31d393-c6a0-46eb-ae9c-fa4e04318682",
              "parentUUID": "0327c683-fa63-43c7-bfa4-5ca00222b227",
              "isHook": false,
              "skipped": false
            }
          ],
          "suites": [],
          "passes": [
            "6a2a580b-072c-4f2c-ad31-24e1dc4bb352",
            "d50b131a-784f-42b3-a6af-64d19806983e",
            "6cd7504f-54bb-4102-a81f-6333967913fd",
            "9a31d393-c6a0-46eb-ae9c-fa4e04318682"
          ],
          "failures": [],
          "pending": [],
          "skipped": [],
          "duration": 21302,
          "root": false,
          "rootEmpty": false,
          "_timeout": 2000
        }
      ],
      "passes": [],
      "failures": [],
      "pending": [],
      "skipped": [],
      "duration": 0,
      "root": true,
      "rootEmpty": true,
      "_timeout": 2000
    },
    {
      "uuid": "70e6f9c8-49b4-4e1f-bd6b-534cca5f82f1",
      "title": "",
      "fullFile": "cypress/integration/examples/BDD/blog.feature",
      "file": "cypress/integration/examples/BDD/blog.feature",
      "beforeHooks": [],
      "afterHooks": [],
      "tests": [],
      "suites": [
        {
          "uuid": "a36d5f44-2777-4514-8dab-972faedd4ade",
          "title": "End to end Blog Site validation",
          "fullFile": "",
          "file": "",
          "beforeHooks": [],
          "afterHooks": [],
          "tests": [
            {
              "title": "Create a new article",
              "fullTitle": "End to end Blog Site validation Create a new article",
              "timedOut": null,
              "duration": 7770,
              "state": "passed",
              "speed": "slow",
              "pass": true,
              "fail": false,
              "pending": false,
              "context": null,
              "code": "const state = window.testState;\nreturn cy\n  .then(() => state.onStartScenario(scenario, indexedSteps))\n  .then(() =>\n    resolveAndRunBeforeHooks.call(this, scenario.tags, state.feature.name)\n  )\n  .then(() =>\n    indexedSteps.forEach((step) =>\n      stepTest.call(this, state, step, rowData)\n    )\n  )\n  .then(() => state.onFinishScenario(scenario));",
              "err": {},
              "uuid": "dc4b4edc-ddd7-4ab1-9b79-fd3debb86371",
              "parentUUID": "a36d5f44-2777-4514-8dab-972faedd4ade",
              "isHook": false,
              "skipped": false
            },
            {
              "title": "Check the tags on the home page",
              "fullTitle": "End to end Blog Site validation Check the tags on the home page",
              "timedOut": null,
              "duration": 3557,
              "state": "passed",
              "speed": "slow",
              "pass": true,
              "fail": false,
              "pending": false,
              "context": null,
              "code": "const state = window.testState;\nreturn cy\n  .then(() => state.onStartScenario(scenario, indexedSteps))\n  .then(() =>\n    resolveAndRunBeforeHooks.call(this, scenario.tags, state.feature.name)\n  )\n  .then(() =>\n    indexedSteps.forEach((step) =>\n      stepTest.call(this, state, step, rowData)\n    )\n  )\n  .then(() => state.onFinishScenario(scenario));",
              "err": {},
              "uuid": "dbfa8ba7-9d0c-4a4d-86f2-f83df4470105",
              "parentUUID": "a36d5f44-2777-4514-8dab-972faedd4ade",
              "isHook": false,
              "skipped": false
            },
            {
              "title": "Verify the global feed article likes count",
              "fullTitle": "End to end Blog Site validation Verify the global feed article likes count",
              "timedOut": null,
              "duration": 5493,
              "state": "passed",
              "speed": "slow",
              "pass": true,
              "fail": false,
              "pending": false,
              "context": null,
              "code": "const state = window.testState;\nreturn cy\n  .then(() => state.onStartScenario(scenario, indexedSteps))\n  .then(() =>\n    resolveAndRunBeforeHooks.call(this, scenario.tags, state.feature.name)\n  )\n  .then(() =>\n    indexedSteps.forEach((step) =>\n      stepTest.call(this, state, step, rowData)\n    )\n  )\n  .then(() => state.onFinishScenario(scenario));",
              "err": {},
              "uuid": "6fb2ebd9-f0d0-48d4-92ec-24efd59a81c3",
              "parentUUID": "a36d5f44-2777-4514-8dab-972faedd4ade",
              "isHook": false,
              "skipped": false
            },
            {
              "title": "Delete the newly created article",
              "fullTitle": "End to end Blog Site validation Delete the newly created article",
              "timedOut": null,
              "duration": 5935,
              "state": "passed",
              "speed": "slow",
              "pass": true,
              "fail": false,
              "pending": false,
              "context": null,
              "code": "const state = window.testState;\nreturn cy\n  .then(() => state.onStartScenario(scenario, indexedSteps))\n  .then(() =>\n    resolveAndRunBeforeHooks.call(this, scenario.tags, state.feature.name)\n  )\n  .then(() =>\n    indexedSteps.forEach((step) =>\n      stepTest.call(this, state, step, rowData)\n    )\n  )\n  .then(() => state.onFinishScenario(scenario));",
              "err": {},
              "uuid": "b870bc91-5720-4833-9e92-0c8d268041d3",
              "parentUUID": "a36d5f44-2777-4514-8dab-972faedd4ade",
              "isHook": false,
              "skipped": false
            }
          ],
          "suites": [],
          "passes": [
            "dc4b4edc-ddd7-4ab1-9b79-fd3debb86371",
            "dbfa8ba7-9d0c-4a4d-86f2-f83df4470105",
            "6fb2ebd9-f0d0-48d4-92ec-24efd59a81c3",
            "b870bc91-5720-4833-9e92-0c8d268041d3"
          ],
          "failures": [],
          "pending": [],
          "skipped": [],
          "duration": 22755,
          "root": false,
          "rootEmpty": false,
          "_timeout": 2000
        }
      ],
      "passes": [],
      "failures": [],
      "pending": [],
      "skipped": [],
      "duration": 0,
      "root": true,
      "rootEmpty": true,
      "_timeout": 2000
    }
  ],
  "meta": {
    "mocha": {
      "version": "7.0.1"
    },
    "mochawesome": {
      "options": {
        "quiet": false,
        "reportFilename": "mochawesome",
        "saveHtml": false,
        "saveJson": true,
        "consoleReporter": "spec",
        "useInlineDiffs": false,
        "code": true
      },
      "version": "6.2.2"
    },
    "marge": {
      "options": {
        "id": "default",
        "reportDir": "cypress/results/mochawesome",
        "overwrite": false,
        "html": false,
        "json": true
      },
      "version": "5.2.0"
    }
  }
}