{
  "stats": {
    "suites": 1,
    "tests": 4,
    "passes": 4,
    "pending": 0,
    "failures": 0,
    "start": "2021-06-23T14:03:25.973Z",
    "end": "2021-06-23T14:04:05.050Z",
    "duration": 39077,
    "testsRegistered": 4,
    "passPercent": 100,
    "pendingPercent": 0,
    "other": 0,
    "hasOther": false,
    "skipped": 0,
    "hasSkipped": false
  },
  "results": [
    {
      "uuid": "91369fc0-0250-4ed7-aa84-c69cd84bcb50",
      "title": "",
      "fullFile": "cypress/integration/examples/BDD/blog.feature",
      "file": "cypress/integration/examples/BDD/blog.feature",
      "beforeHooks": [],
      "afterHooks": [],
      "tests": [],
      "suites": [
        {
          "uuid": "4fb74891-11aa-4954-ad11-7c15346ac21d",
          "title": "End to end Blog Site validation",
          "fullFile": "",
          "file": "",
          "beforeHooks": [],
          "afterHooks": [],
          "tests": [
            {
              "title": "Create a new article",
              "fullTitle": "End to end Blog Site validation Create a new article",
              "timedOut": null,
              "duration": 8983,
              "state": "passed",
              "speed": "slow",
              "pass": true,
              "fail": false,
              "pending": false,
              "context": null,
              "code": "const state = window.testState;\nreturn cy\n  .then(() => state.onStartScenario(scenario, indexedSteps))\n  .then(() =>\n    resolveAndRunBeforeHooks.call(this, scenario.tags, state.feature.name)\n  )\n  .then(() =>\n    indexedSteps.forEach((step) =>\n      stepTest.call(this, state, step, rowData)\n    )\n  )\n  .then(() => state.onFinishScenario(scenario));",
              "err": {},
              "uuid": "a77cea61-9eb5-4365-bc60-5c0cf3561117",
              "parentUUID": "4fb74891-11aa-4954-ad11-7c15346ac21d",
              "isHook": false,
              "skipped": false
            },
            {
              "title": "Check the tags on the home page",
              "fullTitle": "End to end Blog Site validation Check the tags on the home page",
              "timedOut": null,
              "duration": 3399,
              "state": "passed",
              "speed": "slow",
              "pass": true,
              "fail": false,
              "pending": false,
              "context": null,
              "code": "const state = window.testState;\nreturn cy\n  .then(() => state.onStartScenario(scenario, indexedSteps))\n  .then(() =>\n    resolveAndRunBeforeHooks.call(this, scenario.tags, state.feature.name)\n  )\n  .then(() =>\n    indexedSteps.forEach((step) =>\n      stepTest.call(this, state, step, rowData)\n    )\n  )\n  .then(() => state.onFinishScenario(scenario));",
              "err": {},
              "uuid": "0a156c26-655a-4ae2-8308-eb7e883f881e",
              "parentUUID": "4fb74891-11aa-4954-ad11-7c15346ac21d",
              "isHook": false,
              "skipped": false
            },
            {
              "title": "Verify the global feed article likes count",
              "fullTitle": "End to end Blog Site validation Verify the global feed article likes count",
              "timedOut": null,
              "duration": 5664,
              "state": "passed",
              "speed": "slow",
              "pass": true,
              "fail": false,
              "pending": false,
              "context": null,
              "code": "const state = window.testState;\nreturn cy\n  .then(() => state.onStartScenario(scenario, indexedSteps))\n  .then(() =>\n    resolveAndRunBeforeHooks.call(this, scenario.tags, state.feature.name)\n  )\n  .then(() =>\n    indexedSteps.forEach((step) =>\n      stepTest.call(this, state, step, rowData)\n    )\n  )\n  .then(() => state.onFinishScenario(scenario));",
              "err": {},
              "uuid": "402709d3-2f48-4967-8325-24d802815841",
              "parentUUID": "4fb74891-11aa-4954-ad11-7c15346ac21d",
              "isHook": false,
              "skipped": false
            },
            {
              "title": "Delete the newly created article",
              "fullTitle": "End to end Blog Site validation Delete the newly created article",
              "timedOut": null,
              "duration": 5765,
              "state": "passed",
              "speed": "slow",
              "pass": true,
              "fail": false,
              "pending": false,
              "context": null,
              "code": "const state = window.testState;\nreturn cy\n  .then(() => state.onStartScenario(scenario, indexedSteps))\n  .then(() =>\n    resolveAndRunBeforeHooks.call(this, scenario.tags, state.feature.name)\n  )\n  .then(() =>\n    indexedSteps.forEach((step) =>\n      stepTest.call(this, state, step, rowData)\n    )\n  )\n  .then(() => state.onFinishScenario(scenario));",
              "err": {},
              "uuid": "f9497ca2-a335-40c1-b389-25d2c146e963",
              "parentUUID": "4fb74891-11aa-4954-ad11-7c15346ac21d",
              "isHook": false,
              "skipped": false
            }
          ],
          "suites": [],
          "passes": [
            "a77cea61-9eb5-4365-bc60-5c0cf3561117",
            "0a156c26-655a-4ae2-8308-eb7e883f881e",
            "402709d3-2f48-4967-8325-24d802815841",
            "f9497ca2-a335-40c1-b389-25d2c146e963"
          ],
          "failures": [],
          "pending": [],
          "skipped": [],
          "duration": 23811,
          "root": false,
          "rootEmpty": false,
          "_timeout": 2000
        }
      ],
      "passes": [],
      "failures": [],
      "pending": [],
      "skipped": [],
      "duration": 0,
      "root": true,
      "rootEmpty": true,
      "_timeout": 2000
    }
  ],
  "meta": {
    "mocha": {
      "version": "7.0.1"
    },
    "mochawesome": {
      "options": {
        "quiet": false,
        "reportFilename": "mochawesome",
        "saveHtml": false,
        "saveJson": true,
        "consoleReporter": "spec",
        "useInlineDiffs": false,
        "code": true
      },
      "version": "6.2.2"
    },
    "marge": {
      "options": {
        "id": "default",
        "reportDir": "cypress/results/mochawesome",
        "overwrite": false,
        "html": false,
        "json": true
      },
      "version": "5.2.0"
    }
  }
}