{
  "stats": {
    "suites": 1,
    "tests": 4,
    "passes": 4,
    "pending": 0,
    "failures": 0,
    "start": "2021-06-25T13:04:49.336Z",
    "end": "2021-06-25T13:05:28.342Z",
    "duration": 39006,
    "testsRegistered": 4,
    "passPercent": 100,
    "pendingPercent": 0,
    "other": 0,
    "hasOther": false,
    "skipped": 0,
    "hasSkipped": false
  },
  "results": [
    {
      "uuid": "3971e4f7-f772-4795-b41e-15834925e372",
      "title": "",
      "fullFile": "cypress/integration/examples/BDD/blog.feature",
      "file": "cypress/integration/examples/BDD/blog.feature",
      "beforeHooks": [],
      "afterHooks": [],
      "tests": [],
      "suites": [
        {
          "uuid": "bf20c093-d21a-42b6-90a4-9a7e918fa24f",
          "title": "End to end Blog Site validation",
          "fullFile": "",
          "file": "",
          "beforeHooks": [],
          "afterHooks": [],
          "tests": [
            {
              "title": "Create a new article",
              "fullTitle": "End to end Blog Site validation Create a new article",
              "timedOut": null,
              "duration": 11990,
              "state": "passed",
              "speed": "slow",
              "pass": true,
              "fail": false,
              "pending": false,
              "context": null,
              "code": "const state = window.testState;\nreturn cy\n  .then(() => state.onStartScenario(scenario, indexedSteps))\n  .then(() =>\n    resolveAndRunBeforeHooks.call(this, scenario.tags, state.feature.name)\n  )\n  .then(() =>\n    indexedSteps.forEach((step) =>\n      stepTest.call(this, state, step, rowData)\n    )\n  )\n  .then(() => state.onFinishScenario(scenario));",
              "err": {},
              "uuid": "4088c5be-dfd8-480a-af93-0c627201660c",
              "parentUUID": "bf20c093-d21a-42b6-90a4-9a7e918fa24f",
              "isHook": false,
              "skipped": false
            },
            {
              "title": "Check the tags on the home page",
              "fullTitle": "End to end Blog Site validation Check the tags on the home page",
              "timedOut": null,
              "duration": 3960,
              "state": "passed",
              "speed": "slow",
              "pass": true,
              "fail": false,
              "pending": false,
              "context": null,
              "code": "const state = window.testState;\nreturn cy\n  .then(() => state.onStartScenario(scenario, indexedSteps))\n  .then(() =>\n    resolveAndRunBeforeHooks.call(this, scenario.tags, state.feature.name)\n  )\n  .then(() =>\n    indexedSteps.forEach((step) =>\n      stepTest.call(this, state, step, rowData)\n    )\n  )\n  .then(() => state.onFinishScenario(scenario));",
              "err": {},
              "uuid": "11622794-e3dc-4da2-8c12-d23296005e11",
              "parentUUID": "bf20c093-d21a-42b6-90a4-9a7e918fa24f",
              "isHook": false,
              "skipped": false
            },
            {
              "title": "Verify the global feed article likes count",
              "fullTitle": "End to end Blog Site validation Verify the global feed article likes count",
              "timedOut": null,
              "duration": 6469,
              "state": "passed",
              "speed": "slow",
              "pass": true,
              "fail": false,
              "pending": false,
              "context": null,
              "code": "const state = window.testState;\nreturn cy\n  .then(() => state.onStartScenario(scenario, indexedSteps))\n  .then(() =>\n    resolveAndRunBeforeHooks.call(this, scenario.tags, state.feature.name)\n  )\n  .then(() =>\n    indexedSteps.forEach((step) =>\n      stepTest.call(this, state, step, rowData)\n    )\n  )\n  .then(() => state.onFinishScenario(scenario));",
              "err": {},
              "uuid": "92f5af8b-ea2b-4d7b-8124-877f70f57fa4",
              "parentUUID": "bf20c093-d21a-42b6-90a4-9a7e918fa24f",
              "isHook": false,
              "skipped": false
            },
            {
              "title": "Delete the newly created article",
              "fullTitle": "End to end Blog Site validation Delete the newly created article",
              "timedOut": null,
              "duration": 7131,
              "state": "passed",
              "speed": "slow",
              "pass": true,
              "fail": false,
              "pending": false,
              "context": null,
              "code": "const state = window.testState;\nreturn cy\n  .then(() => state.onStartScenario(scenario, indexedSteps))\n  .then(() =>\n    resolveAndRunBeforeHooks.call(this, scenario.tags, state.feature.name)\n  )\n  .then(() =>\n    indexedSteps.forEach((step) =>\n      stepTest.call(this, state, step, rowData)\n    )\n  )\n  .then(() => state.onFinishScenario(scenario));",
              "err": {},
              "uuid": "23060223-55b0-4e50-b152-e7d7353f3370",
              "parentUUID": "bf20c093-d21a-42b6-90a4-9a7e918fa24f",
              "isHook": false,
              "skipped": false
            }
          ],
          "suites": [],
          "passes": [
            "4088c5be-dfd8-480a-af93-0c627201660c",
            "11622794-e3dc-4da2-8c12-d23296005e11",
            "92f5af8b-ea2b-4d7b-8124-877f70f57fa4",
            "23060223-55b0-4e50-b152-e7d7353f3370"
          ],
          "failures": [],
          "pending": [],
          "skipped": [],
          "duration": 29550,
          "root": false,
          "rootEmpty": false,
          "_timeout": 2000
        }
      ],
      "passes": [],
      "failures": [],
      "pending": [],
      "skipped": [],
      "duration": 0,
      "root": true,
      "rootEmpty": true,
      "_timeout": 2000
    }
  ],
  "meta": {
    "mocha": {
      "version": "7.0.1"
    },
    "mochawesome": {
      "options": {
        "quiet": false,
        "reportFilename": "mochawesome",
        "saveHtml": false,
        "saveJson": true,
        "consoleReporter": "spec",
        "useInlineDiffs": false,
        "code": true
      },
      "version": "6.2.2"
    },
    "marge": {
      "options": {
        "id": "default",
        "reportDir": "cypress/results/mochawesome",
        "overwrite": false,
        "html": false,
        "json": true
      },
      "version": "5.2.0"
    }
  }
}