{
  "stats": {
    "suites": 1,
    "tests": 4,
    "passes": 4,
    "pending": 0,
    "failures": 0,
    "start": "2021-06-25T14:40:56.818Z",
    "end": "2021-06-25T14:41:20.760Z",
    "duration": 23942,
    "testsRegistered": 4,
    "passPercent": 100,
    "pendingPercent": 0,
    "other": 0,
    "hasOther": false,
    "skipped": 0,
    "hasSkipped": false
  },
  "results": [
    {
      "uuid": "2e49b75e-b071-49f8-94cb-1ebf7880fbae",
      "title": "",
      "fullFile": "cypress/integration/examples/FullyAutomated.js",
      "file": "cypress/integration/examples/FullyAutomated.js",
      "beforeHooks": [],
      "afterHooks": [],
      "tests": [],
      "suites": [
        {
          "uuid": "ae286101-057c-41a5-a175-6c3596341369",
          "title": "Fully automated end to end testing suite",
          "fullFile": "",
          "file": "",
          "beforeHooks": [],
          "afterHooks": [],
          "tests": [
            {
              "title": "verify correct request and response",
              "fullTitle": "Fully automated end to end testing suite verify correct request and response",
              "timedOut": null,
              "duration": 6835,
              "state": "passed",
              "speed": "slow",
              "pass": true,
              "fail": false,
              "pending": false,
              "context": null,
              "code": "cy.log('After Login Successful');\ncy.intercept('POST', Cypress.env('apiUrl') + 'articles/').as(\"postArticle\");\ncy.contains('New Article').click();\ncy.get('[formcontrolname=\"title\"]').type('hello');\ncy.get('[formcontrolname=\"description\"]').type('hello');\ncy.get('[formcontrolname=\"body\"]').type('hello');\ncy.contains('Publish Article').click();\ncy.wait('@postArticle');\ncy.get('@postArticle').then(function (xhr) {\n  expect(xhr.response.statusCode).to.equal(200);\n  expect(xhr.request.body.article.title).to.equal('hello');\n  expect(xhr.request.body.article.body).to.equal('hello');\n  expect(xhr.request.body.article.description).to.equal('hello');\n});",
              "err": {},
              "uuid": "eac5a843-b587-49ae-9085-ed7474d47934",
              "parentUUID": "ae286101-057c-41a5-a175-6c3596341369",
              "isHook": false,
              "skipped": false
            },
            {
              "title": "should show the tags as mentioned in the tags object",
              "fullTitle": "Fully automated end to end testing suite should show the tags as mentioned in the tags object",
              "timedOut": null,
              "duration": 2388,
              "state": "passed",
              "speed": "slow",
              "pass": true,
              "fail": false,
              "pending": false,
              "context": null,
              "code": "cy.intercept(\"GET\", Cypress.env('apiUrl') + \"tags\", {\n  fixture: 'tags.json'\n}).as(\"dataGetFirst\");\ncy.get('.tag-list').should('contain', 'HuManIty').and('contain', 'Gandhi').and('contain', 'HITLER').and('contain', 'SIDA');",
              "err": {},
              "uuid": "386273a1-0c40-4213-aa0d-2c6e70034487",
              "parentUUID": "ae286101-057c-41a5-a175-6c3596341369",
              "isHook": false,
              "skipped": false
            },
            {
              "title": "verify the gobal feed articles like count",
              "fullTitle": "Fully automated end to end testing suite verify the gobal feed articles like count",
              "timedOut": null,
              "duration": 4470,
              "state": "passed",
              "speed": "slow",
              "pass": true,
              "fail": false,
              "pending": false,
              "context": null,
              "code": "cy.intercept(\"GET\", Cypress.env('apiUrl') + \"articles/feed?limit=10&offset=0\", {\n  fixture: 'feed.json'\n}).as(\"feedArticles\");\ncy.intercept(\"GET\", Cypress.env('apiUrl') + \"articles?limit=10&offset=0\", {\n  fixture: 'articles.json'\n}).as(\"globalArticles\");\ncy.contains(/Global Feed/i).click();\ncy.get('app-article-list button').then(function (listOfButtons) {\n  cy.log(listOfButtons);\n  expect(listOfButtons[0]).to.contain('5');\n  expect(listOfButtons[1]).to.contain('10');\n});\ncy.fixture('articles').then(function (data) {\n  var link = data.articles[1].slug;\n  cy.intercept('POST', Cypress.env('apiUrl') + \"articles/\".concat(link, \"/favorite\"), data);\n});\ncy.get('app-article-list button').eq(0).click().should('contain', '6');\ncy.get('app-article-list button').eq(1).click().should('contain', '11');",
              "err": {},
              "uuid": "57a02b30-3933-4147-a86c-2ed3fccfb408",
              "parentUUID": "ae286101-057c-41a5-a175-6c3596341369",
              "isHook": false,
              "skipped": false
            },
            {
              "title": "delete the newly created articles",
              "fullTitle": "Fully automated end to end testing suite delete the newly created articles",
              "timedOut": null,
              "duration": 6220,
              "state": "passed",
              "speed": "slow",
              "pass": true,
              "fail": false,
              "pending": false,
              "context": null,
              "code": "var requestBody = {\n  \"article\": {\n    \"tagList\": [],\n    \"title\": \"Testing the api\",\n    \"description\": \"Testing the api\",\n    \"body\": \"Testing the api\"\n  }\n};\ncy.get('@token').then(function (token) {\n  cy.request({\n    url: Cypress.env('apiUrl') + 'articles/',\n    headers: {\n      'Authorization': 'Token ' + token\n    },\n    method: 'POST',\n    body: requestBody\n  }).then(function (res) {\n    expect(res.status).to.equal(200);\n  }); //delete the global feed latest post which is created\n  cy.contains(/Global Feed/i).click();\n  cy.get('.article-preview').first().click();\n  cy.get('.article-actions').contains('Delete Article').click(); //verify whether the title is actually delete from the API or Not\n  cy.request({\n    url: Cypress.env('apiUrl') + 'articles?limit=10&offset=0',\n    headers: {\n      'Authorization': 'Token ' + token\n    },\n    method: 'GET'\n  }).its('body').then(function (body) {\n    expect(body.articles[0].title).not.to.equal('Testing the api');\n  });\n  cy.contains(/Global Feed/i).click();\n});",
              "err": {},
              "uuid": "7a43e2d6-f4d6-4b14-ba43-ddc2aae17d34",
              "parentUUID": "ae286101-057c-41a5-a175-6c3596341369",
              "isHook": false,
              "skipped": false
            }
          ],
          "suites": [],
          "passes": [
            "eac5a843-b587-49ae-9085-ed7474d47934",
            "386273a1-0c40-4213-aa0d-2c6e70034487",
            "57a02b30-3933-4147-a86c-2ed3fccfb408",
            "7a43e2d6-f4d6-4b14-ba43-ddc2aae17d34"
          ],
          "failures": [],
          "pending": [],
          "skipped": [],
          "duration": 19913,
          "root": false,
          "rootEmpty": false,
          "_timeout": 2000
        }
      ],
      "passes": [],
      "failures": [],
      "pending": [],
      "skipped": [],
      "duration": 0,
      "root": true,
      "rootEmpty": true,
      "_timeout": 2000
    }
  ],
  "meta": {
    "mocha": {
      "version": "7.0.1"
    },
    "mochawesome": {
      "options": {
        "quiet": false,
        "reportFilename": "mochawesome",
        "saveHtml": false,
        "saveJson": true,
        "consoleReporter": "spec",
        "useInlineDiffs": false,
        "code": true
      },
      "version": "6.2.2"
    },
    "marge": {
      "options": {
        "id": "default",
        "reportDir": "cypress/results/mochawesome",
        "overwrite": false,
        "html": false,
        "json": true
      },
      "version": "5.2.0"
    }
  }
}