{
  "stats": {
    "suites": 1,
    "tests": 12,
    "passes": 12,
    "pending": 0,
    "failures": 0,
    "start": "2021-06-25T11:39:42.409Z",
    "end": "2021-06-25T11:41:49.263Z",
    "duration": 126854,
    "testsRegistered": 12,
    "passPercent": 100,
    "pendingPercent": 0,
    "other": 0,
    "hasOther": false,
    "skipped": 0,
    "hasSkipped": false
  },
  "results": [
    {
      "uuid": "f1f49011-34b2-41f9-b770-1d627960268c",
      "title": "",
      "fullFile": "cypress/integration/examples/FullyAutomated.js",
      "file": "cypress/integration/examples/FullyAutomated.js",
      "beforeHooks": [],
      "afterHooks": [],
      "tests": [],
      "suites": [
        {
          "uuid": "de0f19d7-65fd-4fc7-a89a-d2b47186eaef",
          "title": "Fully automated end to end testing suite",
          "fullFile": "",
          "file": "",
          "beforeHooks": [],
          "afterHooks": [],
          "tests": [
            {
              "title": "verify correct request and response",
              "fullTitle": "Fully automated end to end testing suite verify correct request and response",
              "timedOut": null,
              "duration": 7923,
              "state": "passed",
              "speed": "slow",
              "pass": true,
              "fail": false,
              "pending": false,
              "context": null,
              "code": "cy.log('After Login Successful');\ncy.intercept('POST', Cypress.env('apiUrl') + 'articles/').as(\"postArticle\");\ncy.contains('New Article').click();\ncy.get('[formcontrolname=\"title\"]').type('hello');\ncy.get('[formcontrolname=\"description\"]').type('hello');\ncy.get('[formcontrolname=\"body\"]').type('hello');\ncy.contains('Publish Article').click();\ncy.wait('@postArticle');\ncy.get('@postArticle').then(function (xhr) {\n  expect(xhr.response.statusCode).to.equal(200);\n  expect(xhr.request.body.article.title).to.equal('hello');\n  expect(xhr.request.body.article.body).to.equal('hello');\n  expect(xhr.request.body.article.description).to.equal('hello');\n});",
              "err": {},
              "uuid": "348d2792-1d76-4d3e-8aa5-b3acfe2318a3",
              "parentUUID": "de0f19d7-65fd-4fc7-a89a-d2b47186eaef",
              "isHook": false,
              "skipped": false
            },
            {
              "title": "should show the tags as mentioned in the tags object",
              "fullTitle": "Fully automated end to end testing suite should show the tags as mentioned in the tags object",
              "timedOut": null,
              "duration": 3447,
              "state": "passed",
              "speed": "slow",
              "pass": true,
              "fail": false,
              "pending": false,
              "context": null,
              "code": "cy.intercept(\"GET\", Cypress.env('apiUrl') + \"tags\", {\n  fixture: 'tags.json'\n}).as(\"dataGetFirst\");\ncy.get('.tag-list').should('contain', 'HuManIty').and('contain', 'Gandhi').and('contain', 'HITLER').and('contain', 'SIDA');",
              "err": {},
              "uuid": "1d5986a5-bc5d-4ba8-b44e-10b74d93927c",
              "parentUUID": "de0f19d7-65fd-4fc7-a89a-d2b47186eaef",
              "isHook": false,
              "skipped": false
            },
            {
              "title": "verify the gobal feed articles like count",
              "fullTitle": "Fully automated end to end testing suite verify the gobal feed articles like count",
              "timedOut": null,
              "duration": 6003,
              "state": "passed",
              "speed": "slow",
              "pass": true,
              "fail": false,
              "pending": false,
              "context": null,
              "code": "cy.intercept(\"GET\", Cypress.env('apiUrl') + \"articles/feed?limit=10&offset=0\", {\n  fixture: 'feed.json'\n}).as(\"feedArticles\");\ncy.intercept(\"GET\", Cypress.env('apiUrl') + \"articles?limit=10&offset=0\", {\n  fixture: 'articles.json'\n}).as(\"globalArticles\");\ncy.contains(/Global Feed/i).click();\ncy.get('app-article-list button').then(function (listOfButtons) {\n  cy.log(listOfButtons);\n  expect(listOfButtons[0]).to.contain('5');\n  expect(listOfButtons[1]).to.contain('10');\n});\ncy.fixture('articles').then(function (data) {\n  var link = data.articles[1].slug;\n  cy.intercept('POST', Cypress.env('apiUrl') + \"articles/\".concat(link, \"/favorite\"), data);\n});\ncy.get('app-article-list button').eq(0).click().should('contain', '6');\ncy.get('app-article-list button').eq(1).click().should('contain', '11');",
              "err": {},
              "uuid": "3708a9c8-7065-486b-a182-6def507d4fb0",
              "parentUUID": "de0f19d7-65fd-4fc7-a89a-d2b47186eaef",
              "isHook": false,
              "skipped": false
            },
            {
              "title": "delete the newly created articles",
              "fullTitle": "Fully automated end to end testing suite delete the newly created articles",
              "timedOut": null,
              "duration": 10336,
              "state": "passed",
              "speed": "slow",
              "pass": true,
              "fail": false,
              "pending": false,
              "context": null,
              "code": "var requestBody = {\n  \"article\": {\n    \"tagList\": [],\n    \"title\": \"Testing the api\",\n    \"description\": \"Testing the api\",\n    \"body\": \"Testing the api\"\n  }\n};\ncy.get('@token').then(function (token) {\n  cy.request({\n    url: Cypress.env('apiUrl') + 'articles/',\n    headers: {\n      'Authorization': 'Token ' + token\n    },\n    method: 'POST',\n    body: requestBody\n  }).then(function (res) {\n    expect(res.status).to.equal(200);\n  }); //delete the global feed latest post which is created\n  cy.contains(/Global Feed/i).click();\n  cy.get('.article-preview').first().click();\n  cy.get('.article-actions').contains('Delete Article').click(); //verify whether the title is actually delete from the API or Not\n  cy.request({\n    url: Cypress.env('apiUrl') + 'articles?limit=10&offset=0',\n    headers: {\n      'Authorization': 'Token ' + token\n    },\n    method: 'GET'\n  }).its('body').then(function (body) {\n    expect(body.articles[0].title).not.to.equal('Testing the api');\n  });\n  cy.contains(/Global Feed/i).click();\n});",
              "err": {},
              "uuid": "cfe0c128-1d99-411c-a4ae-43c6a28cbab8",
              "parentUUID": "de0f19d7-65fd-4fc7-a89a-d2b47186eaef",
              "isHook": false,
              "skipped": false
            },
            {
              "title": "verify correct request and response",
              "fullTitle": "Fully automated end to end testing suite verify correct request and response",
              "timedOut": null,
              "duration": 4847,
              "state": "passed",
              "speed": "slow",
              "pass": true,
              "fail": false,
              "pending": false,
              "context": null,
              "code": "cy.log('After Login Successful');\ncy.intercept('POST', Cypress.env('apiUrl') + 'articles/').as(\"postArticle\");\ncy.contains('New Article').click();\ncy.get('[formcontrolname=\"title\"]').type('hello');\ncy.get('[formcontrolname=\"description\"]').type('hello');\ncy.get('[formcontrolname=\"body\"]').type('hello');\ncy.contains('Publish Article').click();\ncy.wait('@postArticle');\ncy.get('@postArticle').then(function (xhr) {\n  expect(xhr.response.statusCode).to.equal(200);\n  expect(xhr.request.body.article.title).to.equal('hello');\n  expect(xhr.request.body.article.body).to.equal('hello');\n  expect(xhr.request.body.article.description).to.equal('hello');\n});",
              "err": {},
              "uuid": "cf9a15e1-1811-4d19-921b-c14d39db8211",
              "parentUUID": "de0f19d7-65fd-4fc7-a89a-d2b47186eaef",
              "isHook": false,
              "skipped": false
            },
            {
              "title": "should show the tags as mentioned in the tags object",
              "fullTitle": "Fully automated end to end testing suite should show the tags as mentioned in the tags object",
              "timedOut": null,
              "duration": 3565,
              "state": "passed",
              "speed": "slow",
              "pass": true,
              "fail": false,
              "pending": false,
              "context": null,
              "code": "cy.intercept(\"GET\", Cypress.env('apiUrl') + \"tags\", {\n  fixture: 'tags.json'\n}).as(\"dataGetFirst\");\ncy.get('.tag-list').should('contain', 'HuManIty').and('contain', 'Gandhi').and('contain', 'HITLER').and('contain', 'SIDA');",
              "err": {},
              "uuid": "ae067bc1-f25f-494c-926a-415649776e80",
              "parentUUID": "de0f19d7-65fd-4fc7-a89a-d2b47186eaef",
              "isHook": false,
              "skipped": false
            },
            {
              "title": "verify the gobal feed articles like count",
              "fullTitle": "Fully automated end to end testing suite verify the gobal feed articles like count",
              "timedOut": null,
              "duration": 4878,
              "state": "passed",
              "speed": "slow",
              "pass": true,
              "fail": false,
              "pending": false,
              "context": null,
              "code": "cy.intercept(\"GET\", Cypress.env('apiUrl') + \"articles/feed?limit=10&offset=0\", {\n  fixture: 'feed.json'\n}).as(\"feedArticles\");\ncy.intercept(\"GET\", Cypress.env('apiUrl') + \"articles?limit=10&offset=0\", {\n  fixture: 'articles.json'\n}).as(\"globalArticles\");\ncy.contains(/Global Feed/i).click();\ncy.get('app-article-list button').then(function (listOfButtons) {\n  cy.log(listOfButtons);\n  expect(listOfButtons[0]).to.contain('5');\n  expect(listOfButtons[1]).to.contain('10');\n});\ncy.fixture('articles').then(function (data) {\n  var link = data.articles[1].slug;\n  cy.intercept('POST', Cypress.env('apiUrl') + \"articles/\".concat(link, \"/favorite\"), data);\n});\ncy.get('app-article-list button').eq(0).click().should('contain', '6');\ncy.get('app-article-list button').eq(1).click().should('contain', '11');",
              "err": {},
              "uuid": "7d8281ca-b9d0-4b9f-bcf6-07f7c8486490",
              "parentUUID": "de0f19d7-65fd-4fc7-a89a-d2b47186eaef",
              "isHook": false,
              "skipped": false
            },
            {
              "title": "delete the newly created articles",
              "fullTitle": "Fully automated end to end testing suite delete the newly created articles",
              "timedOut": null,
              "duration": 10340,
              "state": "passed",
              "speed": "slow",
              "pass": true,
              "fail": false,
              "pending": false,
              "context": null,
              "code": "var requestBody = {\n  \"article\": {\n    \"tagList\": [],\n    \"title\": \"Testing the api\",\n    \"description\": \"Testing the api\",\n    \"body\": \"Testing the api\"\n  }\n};\ncy.get('@token').then(function (token) {\n  cy.request({\n    url: Cypress.env('apiUrl') + 'articles/',\n    headers: {\n      'Authorization': 'Token ' + token\n    },\n    method: 'POST',\n    body: requestBody\n  }).then(function (res) {\n    expect(res.status).to.equal(200);\n  }); //delete the global feed latest post which is created\n  cy.contains(/Global Feed/i).click();\n  cy.get('.article-preview').first().click();\n  cy.get('.article-actions').contains('Delete Article').click(); //verify whether the title is actually delete from the API or Not\n  cy.request({\n    url: Cypress.env('apiUrl') + 'articles?limit=10&offset=0',\n    headers: {\n      'Authorization': 'Token ' + token\n    },\n    method: 'GET'\n  }).its('body').then(function (body) {\n    expect(body.articles[0].title).not.to.equal('Testing the api');\n  });\n  cy.contains(/Global Feed/i).click();\n});",
              "err": {},
              "uuid": "dfa1f4c4-ef37-4a71-bd32-658c6dbac75f",
              "parentUUID": "de0f19d7-65fd-4fc7-a89a-d2b47186eaef",
              "isHook": false,
              "skipped": false
            },
            {
              "title": "verify correct request and response",
              "fullTitle": "Fully automated end to end testing suite verify correct request and response",
              "timedOut": null,
              "duration": 5597,
              "state": "passed",
              "speed": "slow",
              "pass": true,
              "fail": false,
              "pending": false,
              "context": null,
              "code": "cy.log('After Login Successful');\ncy.intercept('POST', Cypress.env('apiUrl') + 'articles/').as(\"postArticle\");\ncy.contains('New Article').click();\ncy.get('[formcontrolname=\"title\"]').type('hello');\ncy.get('[formcontrolname=\"description\"]').type('hello');\ncy.get('[formcontrolname=\"body\"]').type('hello');\ncy.contains('Publish Article').click();\ncy.wait('@postArticle');\ncy.get('@postArticle').then(function (xhr) {\n  expect(xhr.response.statusCode).to.equal(200);\n  expect(xhr.request.body.article.title).to.equal('hello');\n  expect(xhr.request.body.article.body).to.equal('hello');\n  expect(xhr.request.body.article.description).to.equal('hello');\n});",
              "err": {},
              "uuid": "0612b07a-9319-4d96-bbe2-2ad20bbf73a6",
              "parentUUID": "de0f19d7-65fd-4fc7-a89a-d2b47186eaef",
              "isHook": false,
              "skipped": false
            },
            {
              "title": "should show the tags as mentioned in the tags object",
              "fullTitle": "Fully automated end to end testing suite should show the tags as mentioned in the tags object",
              "timedOut": null,
              "duration": 3657,
              "state": "passed",
              "speed": "slow",
              "pass": true,
              "fail": false,
              "pending": false,
              "context": null,
              "code": "cy.intercept(\"GET\", Cypress.env('apiUrl') + \"tags\", {\n  fixture: 'tags.json'\n}).as(\"dataGetFirst\");\ncy.get('.tag-list').should('contain', 'HuManIty').and('contain', 'Gandhi').and('contain', 'HITLER').and('contain', 'SIDA');",
              "err": {},
              "uuid": "b817ac01-7ec5-4507-bd74-29a01da71ddb",
              "parentUUID": "de0f19d7-65fd-4fc7-a89a-d2b47186eaef",
              "isHook": false,
              "skipped": false
            },
            {
              "title": "verify the gobal feed articles like count",
              "fullTitle": "Fully automated end to end testing suite verify the gobal feed articles like count",
              "timedOut": null,
              "duration": 6192,
              "state": "passed",
              "speed": "slow",
              "pass": true,
              "fail": false,
              "pending": false,
              "context": null,
              "code": "cy.intercept(\"GET\", Cypress.env('apiUrl') + \"articles/feed?limit=10&offset=0\", {\n  fixture: 'feed.json'\n}).as(\"feedArticles\");\ncy.intercept(\"GET\", Cypress.env('apiUrl') + \"articles?limit=10&offset=0\", {\n  fixture: 'articles.json'\n}).as(\"globalArticles\");\ncy.contains(/Global Feed/i).click();\ncy.get('app-article-list button').then(function (listOfButtons) {\n  cy.log(listOfButtons);\n  expect(listOfButtons[0]).to.contain('5');\n  expect(listOfButtons[1]).to.contain('10');\n});\ncy.fixture('articles').then(function (data) {\n  var link = data.articles[1].slug;\n  cy.intercept('POST', Cypress.env('apiUrl') + \"articles/\".concat(link, \"/favorite\"), data);\n});\ncy.get('app-article-list button').eq(0).click().should('contain', '6');\ncy.get('app-article-list button').eq(1).click().should('contain', '11');",
              "err": {},
              "uuid": "90266271-c010-44d7-877c-a825b08ab76b",
              "parentUUID": "de0f19d7-65fd-4fc7-a89a-d2b47186eaef",
              "isHook": false,
              "skipped": false
            },
            {
              "title": "delete the newly created articles",
              "fullTitle": "Fully automated end to end testing suite delete the newly created articles",
              "timedOut": null,
              "duration": 7614,
              "state": "passed",
              "speed": "slow",
              "pass": true,
              "fail": false,
              "pending": false,
              "context": null,
              "code": "var requestBody = {\n  \"article\": {\n    \"tagList\": [],\n    \"title\": \"Testing the api\",\n    \"description\": \"Testing the api\",\n    \"body\": \"Testing the api\"\n  }\n};\ncy.get('@token').then(function (token) {\n  cy.request({\n    url: Cypress.env('apiUrl') + 'articles/',\n    headers: {\n      'Authorization': 'Token ' + token\n    },\n    method: 'POST',\n    body: requestBody\n  }).then(function (res) {\n    expect(res.status).to.equal(200);\n  }); //delete the global feed latest post which is created\n  cy.contains(/Global Feed/i).click();\n  cy.get('.article-preview').first().click();\n  cy.get('.article-actions').contains('Delete Article').click(); //verify whether the title is actually delete from the API or Not\n  cy.request({\n    url: Cypress.env('apiUrl') + 'articles?limit=10&offset=0',\n    headers: {\n      'Authorization': 'Token ' + token\n    },\n    method: 'GET'\n  }).its('body').then(function (body) {\n    expect(body.articles[0].title).not.to.equal('Testing the api');\n  });\n  cy.contains(/Global Feed/i).click();\n});",
              "err": {},
              "uuid": "5e099ac7-98e8-4d6b-bf1c-a9fe7739ee2d",
              "parentUUID": "de0f19d7-65fd-4fc7-a89a-d2b47186eaef",
              "isHook": false,
              "skipped": false
            }
          ],
          "suites": [],
          "passes": [
            "348d2792-1d76-4d3e-8aa5-b3acfe2318a3",
            "1d5986a5-bc5d-4ba8-b44e-10b74d93927c",
            "3708a9c8-7065-486b-a182-6def507d4fb0",
            "cfe0c128-1d99-411c-a4ae-43c6a28cbab8",
            "cf9a15e1-1811-4d19-921b-c14d39db8211",
            "ae067bc1-f25f-494c-926a-415649776e80",
            "7d8281ca-b9d0-4b9f-bcf6-07f7c8486490",
            "dfa1f4c4-ef37-4a71-bd32-658c6dbac75f",
            "0612b07a-9319-4d96-bbe2-2ad20bbf73a6",
            "b817ac01-7ec5-4507-bd74-29a01da71ddb",
            "90266271-c010-44d7-877c-a825b08ab76b",
            "5e099ac7-98e8-4d6b-bf1c-a9fe7739ee2d"
          ],
          "failures": [],
          "pending": [],
          "skipped": [],
          "duration": 74399,
          "root": false,
          "rootEmpty": false,
          "_timeout": 2000
        }
      ],
      "passes": [],
      "failures": [],
      "pending": [],
      "skipped": [],
      "duration": 0,
      "root": true,
      "rootEmpty": true,
      "_timeout": 2000
    }
  ],
  "meta": {
    "mocha": {
      "version": "7.0.1"
    },
    "mochawesome": {
      "options": {
        "quiet": false,
        "reportFilename": "mochawesome",
        "saveHtml": false,
        "saveJson": true,
        "consoleReporter": "spec",
        "useInlineDiffs": false,
        "code": true
      },
      "version": "6.2.2"
    },
    "marge": {
      "options": {
        "id": "default",
        "reportDir": "cypress/results/mochawesome",
        "overwrite": false,
        "html": false,
        "json": true
      },
      "version": "5.2.0"
    }
  }
}