{
  "stats": {
    "suites": 1,
    "tests": 4,
    "passes": 4,
    "pending": 0,
    "failures": 0,
    "start": "2021-06-25T14:38:57.419Z",
    "end": "2021-06-25T14:39:30.370Z",
    "duration": 32951,
    "testsRegistered": 4,
    "passPercent": 100,
    "pendingPercent": 0,
    "other": 0,
    "hasOther": false,
    "skipped": 0,
    "hasSkipped": false
  },
  "results": [
    {
      "uuid": "c9324915-5717-4ec5-951a-ded1fe74d156",
      "title": "",
      "fullFile": "cypress/integration/examples/BDD/blog.feature",
      "file": "cypress/integration/examples/BDD/blog.feature",
      "beforeHooks": [],
      "afterHooks": [],
      "tests": [],
      "suites": [
        {
          "uuid": "c075b85f-70cf-41c8-a38d-9a5acebbc1a6",
          "title": "End to end Blog Site validation",
          "fullFile": "",
          "file": "",
          "beforeHooks": [],
          "afterHooks": [],
          "tests": [
            {
              "title": "Create a new article",
              "fullTitle": "End to end Blog Site validation Create a new article",
              "timedOut": null,
              "duration": 9852,
              "state": "passed",
              "speed": "slow",
              "pass": true,
              "fail": false,
              "pending": false,
              "context": null,
              "code": "const state = window.testState;\nreturn cy\n  .then(() => state.onStartScenario(scenario, indexedSteps))\n  .then(() =>\n    resolveAndRunBeforeHooks.call(this, scenario.tags, state.feature.name)\n  )\n  .then(() =>\n    indexedSteps.forEach((step) =>\n      stepTest.call(this, state, step, rowData)\n    )\n  )\n  .then(() => state.onFinishScenario(scenario));",
              "err": {},
              "uuid": "8ab466ba-c28b-40bf-b646-d6df940a2fd7",
              "parentUUID": "c075b85f-70cf-41c8-a38d-9a5acebbc1a6",
              "isHook": false,
              "skipped": false
            },
            {
              "title": "Check the tags on the home page",
              "fullTitle": "End to end Blog Site validation Check the tags on the home page",
              "timedOut": null,
              "duration": 3887,
              "state": "passed",
              "speed": "slow",
              "pass": true,
              "fail": false,
              "pending": false,
              "context": null,
              "code": "const state = window.testState;\nreturn cy\n  .then(() => state.onStartScenario(scenario, indexedSteps))\n  .then(() =>\n    resolveAndRunBeforeHooks.call(this, scenario.tags, state.feature.name)\n  )\n  .then(() =>\n    indexedSteps.forEach((step) =>\n      stepTest.call(this, state, step, rowData)\n    )\n  )\n  .then(() => state.onFinishScenario(scenario));",
              "err": {},
              "uuid": "ec69aa00-c025-43bd-81c7-917eb756cba7",
              "parentUUID": "c075b85f-70cf-41c8-a38d-9a5acebbc1a6",
              "isHook": false,
              "skipped": false
            },
            {
              "title": "Verify the global feed article likes count",
              "fullTitle": "End to end Blog Site validation Verify the global feed article likes count",
              "timedOut": null,
              "duration": 4908,
              "state": "passed",
              "speed": "slow",
              "pass": true,
              "fail": false,
              "pending": false,
              "context": null,
              "code": "const state = window.testState;\nreturn cy\n  .then(() => state.onStartScenario(scenario, indexedSteps))\n  .then(() =>\n    resolveAndRunBeforeHooks.call(this, scenario.tags, state.feature.name)\n  )\n  .then(() =>\n    indexedSteps.forEach((step) =>\n      stepTest.call(this, state, step, rowData)\n    )\n  )\n  .then(() => state.onFinishScenario(scenario));",
              "err": {},
              "uuid": "9808c216-1fa5-46b9-aea7-ae5005a261c9",
              "parentUUID": "c075b85f-70cf-41c8-a38d-9a5acebbc1a6",
              "isHook": false,
              "skipped": false
            },
            {
              "title": "Delete the newly created article",
              "fullTitle": "End to end Blog Site validation Delete the newly created article",
              "timedOut": null,
              "duration": 7304,
              "state": "passed",
              "speed": "slow",
              "pass": true,
              "fail": false,
              "pending": false,
              "context": null,
              "code": "const state = window.testState;\nreturn cy\n  .then(() => state.onStartScenario(scenario, indexedSteps))\n  .then(() =>\n    resolveAndRunBeforeHooks.call(this, scenario.tags, state.feature.name)\n  )\n  .then(() =>\n    indexedSteps.forEach((step) =>\n      stepTest.call(this, state, step, rowData)\n    )\n  )\n  .then(() => state.onFinishScenario(scenario));",
              "err": {},
              "uuid": "38bb6d76-e02b-46b0-9fc3-a7610f065559",
              "parentUUID": "c075b85f-70cf-41c8-a38d-9a5acebbc1a6",
              "isHook": false,
              "skipped": false
            }
          ],
          "suites": [],
          "passes": [
            "8ab466ba-c28b-40bf-b646-d6df940a2fd7",
            "ec69aa00-c025-43bd-81c7-917eb756cba7",
            "9808c216-1fa5-46b9-aea7-ae5005a261c9",
            "38bb6d76-e02b-46b0-9fc3-a7610f065559"
          ],
          "failures": [],
          "pending": [],
          "skipped": [],
          "duration": 25951,
          "root": false,
          "rootEmpty": false,
          "_timeout": 2000
        }
      ],
      "passes": [],
      "failures": [],
      "pending": [],
      "skipped": [],
      "duration": 0,
      "root": true,
      "rootEmpty": true,
      "_timeout": 2000
    }
  ],
  "meta": {
    "mocha": {
      "version": "7.0.1"
    },
    "mochawesome": {
      "options": {
        "quiet": false,
        "reportFilename": "mochawesome",
        "saveHtml": false,
        "saveJson": true,
        "consoleReporter": "spec",
        "useInlineDiffs": false,
        "code": true
      },
      "version": "6.2.2"
    },
    "marge": {
      "options": {
        "id": "default",
        "reportDir": "cypress/results/mochawesome",
        "overwrite": false,
        "html": false,
        "json": true
      },
      "version": "5.2.0"
    }
  }
}