<?xml version="1.0" encoding="UTF-8"?>
<testsuites name="Mocha Tests" time="43.2450" tests="4" failures="0">
  <testsuite name="Root Suite" timestamp="2021-06-23T14:04:59" tests="0" file="cypress/integration/examples/FullyAutomated.js" time="0.0000" failures="0">
  </testsuite>
  <testsuite name="Fully automated end to end testing suite" timestamp="2021-06-23T14:04:59" tests="4" time="43.2450" failures="0">
    <testcase name="Fully automated end to end testing suite verify correct request and response" time="13.0150" classname="verify correct request and response">
    </testcase>
    <testcase name="Fully automated end to end testing suite should show the tags as mentioned in the tags object" time="5.7590" classname="should show the tags as mentioned in the tags object">
    </testcase>
    <testcase name="Fully automated end to end testing suite verify the gobal feed articles like count" time="9.1910" classname="verify the gobal feed articles like count">
    </testcase>
    <testcase name="Fully automated end to end testing suite delete the newly created articles" time="15.2800" classname="delete the newly created articles">
    </testcase>
  </testsuite>
</testsuites>