<?xml version="1.0" encoding="UTF-8"?>
<testsuites name="Mocha Tests" time="30.1220" tests="4" failures="0">
  <testsuite name="Root Suite" timestamp="2021-06-23T16:19:56" tests="0" file="cypress/integration/examples/BDD/blog.feature" time="0.0000" failures="0">
  </testsuite>
  <testsuite name="End to end Blog Site validation" timestamp="2021-06-23T16:19:56" tests="4" time="30.1220" failures="0">
    <testcase name="End to end Blog Site validation Create a new article" time="13.6950" classname="Create a new article">
    </testcase>
    <testcase name="End to end Blog Site validation Check the tags on the home page" time="3.6680" classname="Check the tags on the home page">
    </testcase>
    <testcase name="End to end Blog Site validation Verify the global feed article likes count" time="4.8630" classname="Verify the global feed article likes count">
    </testcase>
    <testcase name="End to end Blog Site validation Delete the newly created article" time="7.8960" classname="Delete the newly created article">
    </testcase>
  </testsuite>
</testsuites>